-- MySQL dump 10.13  Distrib 5.6.17, for osx10.7 (x86_64)
--
-- Host: localhost    Database: text_adventure
-- ------------------------------------------------------
-- Server version	5.6.17

/*!40101 SET @OLD_CHARACTER_SET_CLIENT=@@CHARACTER_SET_CLIENT */;
/*!40101 SET @OLD_CHARACTER_SET_RESULTS=@@CHARACTER_SET_RESULTS */;
/*!40101 SET @OLD_COLLATION_CONNECTION=@@COLLATION_CONNECTION */;
/*!40101 SET NAMES utf8 */;
/*!40103 SET @OLD_TIME_ZONE=@@TIME_ZONE */;
/*!40103 SET TIME_ZONE='+00:00' */;
/*!40014 SET @OLD_UNIQUE_CHECKS=@@UNIQUE_CHECKS, UNIQUE_CHECKS=0 */;
/*!40014 SET @OLD_FOREIGN_KEY_CHECKS=@@FOREIGN_KEY_CHECKS, FOREIGN_KEY_CHECKS=0 */;
/*!40101 SET @OLD_SQL_MODE=@@SQL_MODE, SQL_MODE='NO_AUTO_VALUE_ON_ZERO' */;
/*!40111 SET @OLD_SQL_NOTES=@@SQL_NOTES, SQL_NOTES=0 */;

--
-- Table structure for table `monsters`
--

DROP TABLE IF EXISTS `monsters`;
/*!40101 SET @saved_cs_client     = @@character_set_client */;
/*!40101 SET character_set_client = utf8 */;
CREATE TABLE `monsters` (
  `MID` int(11) NOT NULL AUTO_INCREMENT,
  `name` varchar(30) NOT NULL COMMENT 'monsterName',
  `level` int(10) NOT NULL COMMENT 'monsterLevel 1 to 10',
  `MWID` int(11) NOT NULL COMMENT 'Has same key as MID but allows more weapons in future if wanted.',
  PRIMARY KEY (`MID`)
) ENGINE=InnoDB AUTO_INCREMENT=11 DEFAULT CHARSET=latin1 COMMENT='Is primary tbl for Monsters';
/*!40101 SET character_set_client = @saved_cs_client */;

--
-- Dumping data for table `monsters`
--

LOCK TABLES `monsters` WRITE;
/*!40000 ALTER TABLE `monsters` DISABLE KEYS */;
INSERT INTO `monsters` VALUES (1,'Ogre',1,1),(2,'Skeleton',2,2),(3,'Scorpion',3,3),(4,'Lizard Man',4,4),(5,'Swamp Monster',5,5),(6,'Vampire',6,6),(7,'Werewolf',7,7),(8,'Giant Spider',8,8),(9,'Hydra',9,9),(10,'Witch',10,10);
/*!40000 ALTER TABLE `monsters` ENABLE KEYS */;
UNLOCK TABLES;

--
-- Table structure for table `playertype`
--

DROP TABLE IF EXISTS `playertype`;
/*!40101 SET @saved_cs_client     = @@character_set_client */;
/*!40101 SET character_set_client = utf8 */;
CREATE TABLE `playertype` (
  `PID` int(11) NOT NULL AUTO_INCREMENT,
  `type` varchar(30) NOT NULL,
  `pDefaultWID` int(11) NOT NULL COMMENT 'Default Player Weapon',
  PRIMARY KEY (`PID`)
) ENGINE=InnoDB AUTO_INCREMENT=7 DEFAULT CHARSET=latin1;
/*!40101 SET character_set_client = @saved_cs_client */;

--
-- Dumping data for table `playertype`
--

LOCK TABLES `playertype` WRITE;
/*!40000 ALTER TABLE `playertype` DISABLE KEYS */;
INSERT INTO `playertype` VALUES (1,'Amazon',15),(2,'Elf',11),(3,'Human',14),(4,'Knight',12),(5,'T-Rex',13),(6,'Wizard',16);
/*!40000 ALTER TABLE `playertype` ENABLE KEYS */;
UNLOCK TABLES;

--
-- Table structure for table `user`
--

DROP TABLE IF EXISTS `user`;
/*!40101 SET @saved_cs_client     = @@character_set_client */;
/*!40101 SET character_set_client = utf8 */;
CREATE TABLE `user` (
  `UID` int(11) NOT NULL AUTO_INCREMENT,
  `email` varchar(60) NOT NULL COMMENT 'player login',
  `curr_score` int(11) NOT NULL,
  `hi_score` int(11) NOT NULL COMMENT 'plyr score (goes to server)',
  `p_health` int(11) NOT NULL,
  `p_game_name` varchar(60) NOT NULL,
  `PID` int(11) NOT NULL COMMENT 'player type of character',
  `WID` int(11) NOT NULL COMMENT 'current player weapon',
  PRIMARY KEY (`UID`)
) ENGINE=InnoDB DEFAULT CHARSET=latin1;
/*!40101 SET character_set_client = @saved_cs_client */;

--
-- Dumping data for table `user`
--

LOCK TABLES `user` WRITE;
/*!40000 ALTER TABLE `user` DISABLE KEYS */;
/*!40000 ALTER TABLE `user` ENABLE KEYS */;
UNLOCK TABLES;

--
-- Table structure for table `weapons`
--

DROP TABLE IF EXISTS `weapons`;
/*!40101 SET @saved_cs_client     = @@character_set_client */;
/*!40101 SET character_set_client = utf8 */;
CREATE TABLE `weapons` (
  `WID` int(11) NOT NULL AUTO_INCREMENT COMMENT 'Monster weapon id prim key',
  `weapon` varchar(30) NOT NULL COMMENT 'name of weapon',
  `playerUseable` tinyint(1) NOT NULL DEFAULT '1',
  PRIMARY KEY (`WID`)
) ENGINE=InnoDB AUTO_INCREMENT=17 DEFAULT CHARSET=latin1;
/*!40101 SET character_set_client = @saved_cs_client */;

--
-- Dumping data for table `weapons`
--

LOCK TABLES `weapons` WRITE;
/*!40000 ALTER TABLE `weapons` DISABLE KEYS */;
INSERT INTO `weapons` VALUES (1,'Club',1),(2,'Bone',1),(3,'Pain (poison)',1),(4,'Tail',1),(5,'Slime',1),(6,'Sleep Spell',1),(7,'Werewolf Bite',0),(8,'Muscle Cramps (poison)',1),(9,'Water Spell',1),(10,'Fire Spell',1),(11,'Bow & Arrow',1),(12,'Sword',1),(13,'Bite',1),(14,'Switchblade',1),(15,'Club',1),(16,'Lightening Bolt',1);
/*!40000 ALTER TABLE `weapons` ENABLE KEYS */;
UNLOCK TABLES;
/*!40103 SET TIME_ZONE=@OLD_TIME_ZONE */;

/*!40101 SET SQL_MODE=@OLD_SQL_MODE */;
/*!40014 SET FOREIGN_KEY_CHECKS=@OLD_FOREIGN_KEY_CHECKS */;
/*!40014 SET UNIQUE_CHECKS=@OLD_UNIQUE_CHECKS */;
/*!40101 SET CHARACTER_SET_CLIENT=@OLD_CHARACTER_SET_CLIENT */;
/*!40101 SET CHARACTER_SET_RESULTS=@OLD_CHARACTER_SET_RESULTS */;
/*!40101 SET COLLATION_CONNECTION=@OLD_COLLATION_CONNECTION */;
/*!40111 SET SQL_NOTES=@OLD_SQL_NOTES */;

-- Dump completed on 2014-06-02 22:22:21
